[2022-02-23 14:49:03] local.ERROR: Please provide a valid cache path. {"exception":"[object] (InvalidArgumentException(code: 0): Please provide a valid cache path. at C:\\Users\\keypanze\\Dropbox\\My PC (hezzle)\\Desktop\\bh_reservation_locator\\vendor\\laravel\\framework\\src\\Illuminate\\View\\Compilers\\Compiler.php:36)
[stacktrace]
#0 C:\\Users\\keypanze\\Dropbox\\My PC (hezzle)\\Desktop\\bh_reservation_locator\\vendor\\laravel\\framework\\src\\Illuminate\\View\\ViewServiceProvider.php(88): Illuminate\\View\\Compilers\\Compiler->__construct(Object(Illuminate\\Filesystem\\Filesystem), false)
#1 C:\\Users\\keypanze\\Dropbox\\My PC (hezzle)\\Desktop\\bh_reservation_locator\\vendor\\laravel\\framework\\src\\Illuminate\\Container\\Container.php(873): Illuminate\\View\\ViewServiceProvider->Illuminate\\View\\{closure}(Object(Illuminate\\Foundation\\Application), Array)
#2 C:\\Users\\keypanze\\Dropbox\\My PC (hezzle)\\Desktop\\bh_reservation_locator\\vendor\\laravel\\framework\\src\\Illuminate\\Container\\Container.php(758): Illuminate\\Container\\Container->build(Object(Closure))
#3 C:\\Users\\keypanze\\Dropbox\\My PC (hezzle)\\Desktop\\bh_reservation_locator\\vendor\\laravel\\framework\\src\\Illuminate\\Foundation\\Application.php(841): Illuminate\\Container\\Container->resolve('blade.compiler', Array, true)
#4 C:\\Users\\keypanze\\Dropbox\\My PC (hezzle)\\Desktop\\bh_reservation_locator\\vendor\\laravel\\framework\\src\\Illuminate\\Container\\Container.php(694): Illuminate\\Foundation\\Application->resolve('blade.compiler', Array)
#5 C:\\Users\\keypanze\\Dropbox\\My PC (hezzle)\\Desktop\\bh_reservation_locator\\vendor\\laravel\\framework\\src\\Illuminate\\Foundation\\Application.php(826): Illuminate\\Container\\Container->make('blade.compiler', Array)
#6 C:\\Users\\keypanze\\Dropbox\\My PC (hezzle)\\Desktop\\bh_reservation_locator\\vendor\\laravel\\framework\\src\\Illuminate\\Container\\Container.php(1423): Illuminate\\Foundation\\Application->make('blade.compiler')
#7 C:\\Users\\keypanze\\Dropbox\\My PC (hezzle)\\Desktop\\bh_reservation_locator\\vendor\\laravel\\framework\\src\\Illuminate\\View\\ViewServiceProvider.php(150): Illuminate\\Container\\Container->offsetGet('blade.compiler')
#8 [internal function]: Illuminate\\View\\ViewServiceProvider->Illuminate\\View\\{closure}()
#9 C:\\Users\\keypanze\\Dropbox\\My PC (hezzle)\\Desktop\\bh_reservation_locator\\vendor\\laravel\\framework\\src\\Illuminate\\View\\Engines\\EngineResolver.php(55): call_user_func(Object(Closure))
#10 C:\\Users\\keypanze\\Dropbox\\My PC (hezzle)\\Desktop\\bh_reservation_locator\\vendor\\facade\\ignition\\src\\IgnitionServiceProvider.php(461): Illuminate\\View\\Engines\\EngineResolver->resolve('blade')
#11 C:\\Users\\keypanze\\Dropbox\\My PC (hezzle)\\Desktop\\bh_reservation_locator\\vendor\\facade\\ignition\\src\\IgnitionServiceProvider.php(155): Facade\\Ignition\\IgnitionServiceProvider->hasCustomViewEnginesRegistered()
#12 C:\\Users\\keypanze\\Dropbox\\My PC (hezzle)\\Desktop\\bh_reservation_locator\\vendor\\facade\\ignition\\src\\IgnitionServiceProvider.php(98): Facade\\Ignition\\IgnitionServiceProvider->registerViewEngines()
#13 C:\\Users\\keypanze\\Dropbox\\My PC (hezzle)\\Desktop\\bh_reservation_locator\\vendor\\laravel\\framework\\src\\Illuminate\\Container\\BoundMethod.php(36): Facade\\Ignition\\IgnitionServiceProvider->boot()
#14 C:\\Users\\keypanze\\Dropbox\\My PC (hezzle)\\Desktop\\bh_reservation_locator\\vendor\\laravel\\framework\\src\\Illuminate\\Container\\Util.php(40): Illuminate\\Container\\BoundMethod::Illuminate\\Container\\{closure}()
#15 C:\\Users\\keypanze\\Dropbox\\My PC (hezzle)\\Desktop\\bh_reservation_locator\\vendor\\laravel\\framework\\src\\Illuminate\\Container\\BoundMethod.php(93): Illuminate\\Container\\Util::unwrapIfClosure(Object(Closure))
#16 C:\\Users\\keypanze\\Dropbox\\My PC (hezzle)\\Desktop\\bh_reservation_locator\\vendor\\laravel\\framework\\src\\Illuminate\\Container\\BoundMethod.php(37): Illuminate\\Container\\BoundMethod::callBoundMethod(Object(Illuminate\\Foundation\\Application), Array, Object(Closure))
#17 C:\\Users\\keypanze\\Dropbox\\My PC (hezzle)\\Desktop\\bh_reservation_locator\\vendor\\laravel\\framework\\src\\Illuminate\\Container\\Container.php(653): Illuminate\\Container\\BoundMethod::call(Object(Illuminate\\Foundation\\Application), Array, Array, NULL)
#18 C:\\Users\\keypanze\\Dropbox\\My PC (hezzle)\\Desktop\\bh_reservation_locator\\vendor\\laravel\\framework\\src\\Illuminate\\Foundation\\Application.php(914): Illuminate\\Container\\Container->call(Array)
#19 C:\\Users\\keypanze\\Dropbox\\My PC (hezzle)\\Desktop\\bh_reservation_locator\\vendor\\laravel\\framework\\src\\Illuminate\\Foundation\\Application.php(895): Illuminate\\Foundation\\Application->bootProvider(Object(Facade\\Ignition\\IgnitionServiceProvider))
#20 [internal function]: Illuminate\\Foundation\\Application->Illuminate\\Foundation\\{closure}(Object(Facade\\Ignition\\IgnitionServiceProvider), 15)
#21 C:\\Users\\keypanze\\Dropbox\\My PC (hezzle)\\Desktop\\bh_reservation_locator\\vendor\\laravel\\framework\\src\\Illuminate\\Foundation\\Application.php(896): array_walk(Array, Object(Closure))
#22 C:\\Users\\keypanze\\Dropbox\\My PC (hezzle)\\Desktop\\bh_reservation_locator\\vendor\\laravel\\framework\\src\\Illuminate\\Foundation\\Bootstrap\\BootProviders.php(17): Illuminate\\Foundation\\Application->boot()
#23 C:\\Users\\keypanze\\Dropbox\\My PC (hezzle)\\Desktop\\bh_reservation_locator\\vendor\\laravel\\framework\\src\\Illuminate\\Foundation\\Application.php(237): Illuminate\\Foundation\\Bootstrap\\BootProviders->bootstrap(Object(Illuminate\\Foundation\\Application))
#24 C:\\Users\\keypanze\\Dropbox\\My PC (hezzle)\\Desktop\\bh_reservation_locator\\vendor\\laravel\\framework\\src\\Illuminate\\Foundation\\Console\\Kernel.php(310): Illuminate\\Foundation\\Application->bootstrapWith(Array)
#25 C:\\Users\\keypanze\\Dropbox\\My PC (hezzle)\\Desktop\\bh_reservation_locator\\vendor\\laravel\\framework\\src\\Illuminate\\Foundation\\Console\\Kernel.php(127): Illuminate\\Foundation\\Console\\Kernel->bootstrap()
#26 C:\\Users\\keypanze\\Dropbox\\My PC (hezzle)\\Desktop\\bh_reservation_locator\\artisan(37): Illuminate\\Foundation\\Console\\Kernel->handle(Object(Symfony\\Component\\Console\\Input\\ArgvInput), Object(Symfony\\Component\\Console\\Output\\ConsoleOutput))
#27 {main}
"} 
[2022-02-23 14:52:37] local.ERROR: Please provide a valid cache path. {"exception":"[object] (InvalidArgumentException(code: 0): Please provide a valid cache path. at C:\\Users\\keypanze\\Dropbox\\My PC (hezzle)\\Desktop\\bh_reservation_locator\\vendor\\laravel\\framework\\src\\Illuminate\\View\\Compilers\\Compiler.php:36)
[stacktrace]
#0 C:\\Users\\keypanze\\Dropbox\\My PC (hezzle)\\Desktop\\bh_reservation_locator\\vendor\\laravel\\framework\\src\\Illuminate\\View\\ViewServiceProvider.php(88): Illuminate\\View\\Compilers\\Compiler->__construct(Object(Illuminate\\Filesystem\\Filesystem), false)
#1 C:\\Users\\keypanze\\Dropbox\\My PC (hezzle)\\Desktop\\bh_reservation_locator\\vendor\\laravel\\framework\\src\\Illuminate\\Container\\Container.php(873): Illuminate\\View\\ViewServiceProvider->Illuminate\\View\\{closure}(Object(Illuminate\\Foundation\\Application), Array)
#2 C:\\Users\\keypanze\\Dropbox\\My PC (hezzle)\\Desktop\\bh_reservation_locator\\vendor\\laravel\\framework\\src\\Illuminate\\Container\\Container.php(758): Illuminate\\Container\\Container->build(Object(Closure))
#3 C:\\Users\\keypanze\\Dropbox\\My PC (hezzle)\\Desktop\\bh_reservation_locator\\vendor\\laravel\\framework\\src\\Illuminate\\Foundation\\Application.php(841): Illuminate\\Container\\Container->resolve('blade.compiler', Array, true)
#4 C:\\Users\\keypanze\\Dropbox\\My PC (hezzle)\\Desktop\\bh_reservation_locator\\vendor\\laravel\\framework\\src\\Illuminate\\Container\\Container.php(694): Illuminate\\Foundation\\Application->resolve('blade.compiler', Array)
#5 C:\\Users\\keypanze\\Dropbox\\My PC (hezzle)\\Desktop\\bh_reservation_locator\\vendor\\laravel\\framework\\src\\Illuminate\\Foundation\\Application.php(826): Illuminate\\Container\\Container->make('blade.compiler', Array)
#6 C:\\Users\\keypanze\\Dropbox\\My PC (hezzle)\\Desktop\\bh_reservation_locator\\vendor\\laravel\\framework\\src\\Illuminate\\Container\\Container.php(1423): Illuminate\\Foundation\\Application->make('blade.compiler')
#7 C:\\Users\\keypanze\\Dropbox\\My PC (hezzle)\\Desktop\\bh_reservation_locator\\vendor\\laravel\\framework\\src\\Illuminate\\View\\ViewServiceProvider.php(150): Illuminate\\Container\\Container->offsetGet('blade.compiler')
#8 [internal function]: Illuminate\\View\\ViewServiceProvider->Illuminate\\View\\{closure}()
#9 C:\\Users\\keypanze\\Dropbox\\My PC (hezzle)\\Desktop\\bh_reservation_locator\\vendor\\laravel\\framework\\src\\Illuminate\\View\\Engines\\EngineResolver.php(55): call_user_func(Object(Closure))
#10 C:\\Users\\keypanze\\Dropbox\\My PC (hezzle)\\Desktop\\bh_reservation_locator\\vendor\\facade\\ignition\\src\\IgnitionServiceProvider.php(461): Illuminate\\View\\Engines\\EngineResolver->resolve('blade')
#11 C:\\Users\\keypanze\\Dropbox\\My PC (hezzle)\\Desktop\\bh_reservation_locator\\vendor\\facade\\ignition\\src\\IgnitionServiceProvider.php(155): Facade\\Ignition\\IgnitionServiceProvider->hasCustomViewEnginesRegistered()
#12 C:\\Users\\keypanze\\Dropbox\\My PC (hezzle)\\Desktop\\bh_reservation_locator\\vendor\\facade\\ignition\\src\\IgnitionServiceProvider.php(98): Facade\\Ignition\\IgnitionServiceProvider->registerViewEngines()
#13 C:\\Users\\keypanze\\Dropbox\\My PC (hezzle)\\Desktop\\bh_reservation_locator\\vendor\\laravel\\framework\\src\\Illuminate\\Container\\BoundMethod.php(36): Facade\\Ignition\\IgnitionServiceProvider->boot()
#14 C:\\Users\\keypanze\\Dropbox\\My PC (hezzle)\\Desktop\\bh_reservation_locator\\vendor\\laravel\\framework\\src\\Illuminate\\Container\\Util.php(40): Illuminate\\Container\\BoundMethod::Illuminate\\Container\\{closure}()
#15 C:\\Users\\keypanze\\Dropbox\\My PC (hezzle)\\Desktop\\bh_reservation_locator\\vendor\\laravel\\framework\\src\\Illuminate\\Container\\BoundMethod.php(93): Illuminate\\Container\\Util::unwrapIfClosure(Object(Closure))
#16 C:\\Users\\keypanze\\Dropbox\\My PC (hezzle)\\Desktop\\bh_reservation_locator\\vendor\\laravel\\framework\\src\\Illuminate\\Container\\BoundMethod.php(37): Illuminate\\Container\\BoundMethod::callBoundMethod(Object(Illuminate\\Foundation\\Application), Array, Object(Closure))
#17 C:\\Users\\keypanze\\Dropbox\\My PC (hezzle)\\Desktop\\bh_reservation_locator\\vendor\\laravel\\framework\\src\\Illuminate\\Container\\Container.php(653): Illuminate\\Container\\BoundMethod::call(Object(Illuminate\\Foundation\\Application), Array, Array, NULL)
#18 C:\\Users\\keypanze\\Dropbox\\My PC (hezzle)\\Desktop\\bh_reservation_locator\\vendor\\laravel\\framework\\src\\Illuminate\\Foundation\\Application.php(914): Illuminate\\Container\\Container->call(Array)
#19 C:\\Users\\keypanze\\Dropbox\\My PC (hezzle)\\Desktop\\bh_reservation_locator\\vendor\\laravel\\framework\\src\\Illuminate\\Foundation\\Application.php(895): Illuminate\\Foundation\\Application->bootProvider(Object(Facade\\Ignition\\IgnitionServiceProvider))
#20 [internal function]: Illuminate\\Foundation\\Application->Illuminate\\Foundation\\{closure}(Object(Facade\\Ignition\\IgnitionServiceProvider), 15)
#21 C:\\Users\\keypanze\\Dropbox\\My PC (hezzle)\\Desktop\\bh_reservation_locator\\vendor\\laravel\\framework\\src\\Illuminate\\Foundation\\Application.php(896): array_walk(Array, Object(Closure))
#22 C:\\Users\\keypanze\\Dropbox\\My PC (hezzle)\\Desktop\\bh_reservation_locator\\vendor\\laravel\\framework\\src\\Illuminate\\Foundation\\Bootstrap\\BootProviders.php(17): Illuminate\\Foundation\\Application->boot()
#23 C:\\Users\\keypanze\\Dropbox\\My PC (hezzle)\\Desktop\\bh_reservation_locator\\vendor\\laravel\\framework\\src\\Illuminate\\Foundation\\Application.php(237): Illuminate\\Foundation\\Bootstrap\\BootProviders->bootstrap(Object(Illuminate\\Foundation\\Application))
#24 C:\\Users\\keypanze\\Dropbox\\My PC (hezzle)\\Desktop\\bh_reservation_locator\\vendor\\laravel\\framework\\src\\Illuminate\\Foundation\\Console\\Kernel.php(310): Illuminate\\Foundation\\Application->bootstrapWith(Array)
#25 C:\\Users\\keypanze\\Dropbox\\My PC (hezzle)\\Desktop\\bh_reservation_locator\\vendor\\laravel\\framework\\src\\Illuminate\\Foundation\\Console\\Kernel.php(127): Illuminate\\Foundation\\Console\\Kernel->bootstrap()
#26 C:\\Users\\keypanze\\Dropbox\\My PC (hezzle)\\Desktop\\bh_reservation_locator\\artisan(37): Illuminate\\Foundation\\Console\\Kernel->handle(Object(Symfony\\Component\\Console\\Input\\ArgvInput), Object(Symfony\\Component\\Console\\Output\\ConsoleOutput))
#27 {main}
"} 
[2022-02-24 14:38:02] local.ERROR: SQLSTATE[HY000]: General error: 1364 Field 'qr_ref' doesn't have a default value (SQL: insert into `users` (`username`, `lname`, `fname`, `mname`, `sex`, `role`, `email`, `contact_no`, `province`, `city`, `barangay`, `street`, `password`, `updated_at`, `created_at`) values (Eum qui sunt eius mo, AUT AUTEM DOLOR QUO, CUMQUE HARUM PARIATU, PORRO DOLORES SINT N, MALE, LANDOWNER, dehozu@mailinator.com, Aut anim ab facilis, 0746, 074615, 074615016, IRURE VENIAM VOLUPT, $2y$10$0FZApdDZI6Ni0rmsD5Bvo.xAtEdPDFsc0eFceZZk39tel0CI275K6, 2022-02-24 14:38:02, 2022-02-24 14:38:02)) {"userId":7,"exception":"[object] (Illuminate\\Database\\QueryException(code: HY000): SQLSTATE[HY000]: General error: 1364 Field 'qr_ref' doesn't have a default value (SQL: insert into `users` (`username`, `lname`, `fname`, `mname`, `sex`, `role`, `email`, `contact_no`, `province`, `city`, `barangay`, `street`, `password`, `updated_at`, `created_at`) values (Eum qui sunt eius mo, AUT AUTEM DOLOR QUO, CUMQUE HARUM PARIATU, PORRO DOLORES SINT N, MALE, LANDOWNER, dehozu@mailinator.com, Aut anim ab facilis, 0746, 074615, 074615016, IRURE VENIAM VOLUPT, $2y$10$0FZApdDZI6Ni0rmsD5Bvo.xAtEdPDFsc0eFceZZk39tel0CI275K6, 2022-02-24 14:38:02, 2022-02-24 14:38:02)) at C:\\Users\\wayne\\Desktop\\GitHub\\bh_reservation_locator\\vendor\\laravel\\framework\\src\\Illuminate\\Database\\Connection.php:703)
[stacktrace]
#0 C:\\Users\\wayne\\Desktop\\GitHub\\bh_reservation_locator\\vendor\\laravel\\framework\\src\\Illuminate\\Database\\Connection.php(663): Illuminate\\Database\\Connection->runQueryCallback('insert into `us...', Array, Object(Closure))
#1 C:\\Users\\wayne\\Desktop\\GitHub\\bh_reservation_locator\\vendor\\laravel\\framework\\src\\Illuminate\\Database\\Connection.php(493): Illuminate\\Database\\Connection->run('insert into `us...', Array, Object(Closure))
#2 C:\\Users\\wayne\\Desktop\\GitHub\\bh_reservation_locator\\vendor\\laravel\\framework\\src\\Illuminate\\Database\\Connection.php(445): Illuminate\\Database\\Connection->statement('insert into `us...', Array)
#3 C:\\Users\\wayne\\Desktop\\GitHub\\bh_reservation_locator\\vendor\\laravel\\framework\\src\\Illuminate\\Database\\Query\\Processors\\Processor.php(32): Illuminate\\Database\\Connection->insert('insert into `us...', Array)
#4 C:\\Users\\wayne\\Desktop\\GitHub\\bh_reservation_locator\\vendor\\laravel\\framework\\src\\Illuminate\\Database\\Query\\Builder.php(2966): Illuminate\\Database\\Query\\Processors\\Processor->processInsertGetId(Object(Illuminate\\Database\\Query\\Builder), 'insert into `us...', Array, 'user_id')
#5 C:\\Users\\wayne\\Desktop\\GitHub\\bh_reservation_locator\\vendor\\laravel\\framework\\src\\Illuminate\\Database\\Eloquent\\Builder.php(1641): Illuminate\\Database\\Query\\Builder->insertGetId(Array, 'user_id')
#6 C:\\Users\\wayne\\Desktop\\GitHub\\bh_reservation_locator\\vendor\\laravel\\framework\\src\\Illuminate\\Database\\Eloquent\\Model.php(1188): Illuminate\\Database\\Eloquent\\Builder->__call('insertGetId', Array)
#7 C:\\Users\\wayne\\Desktop\\GitHub\\bh_reservation_locator\\vendor\\laravel\\framework\\src\\Illuminate\\Database\\Eloquent\\Model.php(1153): Illuminate\\Database\\Eloquent\\Model->insertAndSetId(Object(Illuminate\\Database\\Eloquent\\Builder), Array)
#8 C:\\Users\\wayne\\Desktop\\GitHub\\bh_reservation_locator\\vendor\\laravel\\framework\\src\\Illuminate\\Database\\Eloquent\\Model.php(994): Illuminate\\Database\\Eloquent\\Model->performInsert(Object(Illuminate\\Database\\Eloquent\\Builder))
#9 C:\\Users\\wayne\\Desktop\\GitHub\\bh_reservation_locator\\vendor\\laravel\\framework\\src\\Illuminate\\Database\\Eloquent\\Builder.php(884): Illuminate\\Database\\Eloquent\\Model->save()
#10 C:\\Users\\wayne\\Desktop\\GitHub\\bh_reservation_locator\\vendor\\laravel\\framework\\src\\Illuminate\\Support\\helpers.php(263): Illuminate\\Database\\Eloquent\\Builder->Illuminate\\Database\\Eloquent\\{closure}(Object(App\\Models\\User))
#11 C:\\Users\\wayne\\Desktop\\GitHub\\bh_reservation_locator\\vendor\\laravel\\framework\\src\\Illuminate\\Database\\Eloquent\\Builder.php(885): tap(Object(App\\Models\\User), Object(Closure))
#12 C:\\Users\\wayne\\Desktop\\GitHub\\bh_reservation_locator\\vendor\\laravel\\framework\\src\\Illuminate\\Support\\Traits\\ForwardsCalls.php(23): Illuminate\\Database\\Eloquent\\Builder->create(Array)
#13 C:\\Users\\wayne\\Desktop\\GitHub\\bh_reservation_locator\\vendor\\laravel\\framework\\src\\Illuminate\\Database\\Eloquent\\Model.php(2117): Illuminate\\Database\\Eloquent\\Model->forwardCallTo(Object(Illuminate\\Database\\Eloquent\\Builder), 'create', Array)
#14 C:\\Users\\wayne\\Desktop\\GitHub\\bh_reservation_locator\\vendor\\laravel\\framework\\src\\Illuminate\\Database\\Eloquent\\Model.php(2129): Illuminate\\Database\\Eloquent\\Model->__call('create', Array)
#15 C:\\Users\\wayne\\Desktop\\GitHub\\bh_reservation_locator\\app\\Http\\Controllers\\Administrator\\UserController.php(118): Illuminate\\Database\\Eloquent\\Model::__callStatic('create', Array)
#16 C:\\Users\\wayne\\Desktop\\GitHub\\bh_reservation_locator\\app\\Http\\Controllers\\Administrator\\UserController.php(132): App\\Http\\Controllers\\Administrator\\UserController->saveLandOwner(Object(Illuminate\\Http\\Request))
#17 C:\\Users\\wayne\\Desktop\\GitHub\\bh_reservation_locator\\vendor\\laravel\\framework\\src\\Illuminate\\Routing\\Controller.php(54): App\\Http\\Controllers\\Administrator\\UserController->store(Object(Illuminate\\Http\\Request))
#18 C:\\Users\\wayne\\Desktop\\GitHub\\bh_reservation_locator\\vendor\\laravel\\framework\\src\\Illuminate\\Routing\\ControllerDispatcher.php(45): Illuminate\\Routing\\Controller->callAction('store', Array)
#19 C:\\Users\\wayne\\Desktop\\GitHub\\bh_reservation_locator\\vendor\\laravel\\framework\\src\\Illuminate\\Routing\\Route.php(262): Illuminate\\Routing\\ControllerDispatcher->dispatch(Object(Illuminate\\Routing\\Route), Object(App\\Http\\Controllers\\Administrator\\UserController), 'store')
#20 C:\\Users\\wayne\\Desktop\\GitHub\\bh_reservation_locator\\vendor\\laravel\\framework\\src\\Illuminate\\Routing\\Route.php(205): Illuminate\\Routing\\Route->runController()
#21 C:\\Users\\wayne\\Desktop\\GitHub\\bh_reservation_locator\\vendor\\laravel\\framework\\src\\Illuminate\\Routing\\Router.php(695): Illuminate\\Routing\\Route->run()
#22 C:\\Users\\wayne\\Desktop\\GitHub\\bh_reservation_locator\\vendor\\laravel\\framework\\src\\Illuminate\\Pipeline\\Pipeline.php(128): Illuminate\\Routing\\Router->Illuminate\\Routing\\{closure}(Object(Illuminate\\Http\\Request))
#23 C:\\Users\\wayne\\Desktop\\GitHub\\bh_reservation_locator\\app\\Http\\Middleware\\AdministratorRole.php(26): Illuminate\\Pipeline\\Pipeline->Illuminate\\Pipeline\\{closure}(Object(Illuminate\\Http\\Request))
#24 C:\\Users\\wayne\\Desktop\\GitHub\\bh_reservation_locator\\vendor\\laravel\\framework\\src\\Illuminate\\Pipeline\\Pipeline.php(167): App\\Http\\Middleware\\AdministratorRole->handle(Object(Illuminate\\Http\\Request), Object(Closure))
#25 C:\\Users\\wayne\\Desktop\\GitHub\\bh_reservation_locator\\vendor\\laravel\\framework\\src\\Illuminate\\Routing\\Middleware\\SubstituteBindings.php(50): Illuminate\\Pipeline\\Pipeline->Illuminate\\Pipeline\\{closure}(Object(Illuminate\\Http\\Request))
#26 C:\\Users\\wayne\\Desktop\\GitHub\\bh_reservation_locator\\vendor\\laravel\\framework\\src\\Illuminate\\Pipeline\\Pipeline.php(167): Illuminate\\Routing\\Middleware\\SubstituteBindings->handle(Object(Illuminate\\Http\\Request), Object(Closure))
#27 C:\\Users\\wayne\\Desktop\\GitHub\\bh_reservation_locator\\vendor\\laravel\\framework\\src\\Illuminate\\Auth\\Middleware\\Authenticate.php(44): Illuminate\\Pipeline\\Pipeline->Illuminate\\Pipeline\\{closure}(Object(Illuminate\\Http\\Request))
#28 C:\\Users\\wayne\\Desktop\\GitHub\\bh_reservation_locator\\vendor\\laravel\\framework\\src\\Illuminate\\Pipeline\\Pipeline.php(167): Illuminate\\Auth\\Middleware\\Authenticate->handle(Object(Illuminate\\Http\\Request), Object(Closure))
#29 C:\\Users\\wayne\\Desktop\\GitHub\\bh_reservation_locator\\vendor\\laravel\\framework\\src\\Illuminate\\Foundation\\Http\\Middleware\\VerifyCsrfToken.php(78): Illuminate\\Pipeline\\Pipeline->Illuminate\\Pipeline\\{closure}(Object(Illuminate\\Http\\Request))
#30 C:\\Users\\wayne\\Desktop\\GitHub\\bh_reservation_locator\\vendor\\laravel\\framework\\src\\Illuminate\\Pipeline\\Pipeline.php(167): Illuminate\\Foundation\\Http\\Middleware\\VerifyCsrfToken->handle(Object(Illuminate\\Http\\Request), Object(Closure))
#31 C:\\Users\\wayne\\Desktop\\GitHub\\bh_reservation_locator\\vendor\\laravel\\framework\\src\\Illuminate\\View\\Middleware\\ShareErrorsFromSession.php(49): Illuminate\\Pipeline\\Pipeline->Illuminate\\Pipeline\\{closure}(Object(Illuminate\\Http\\Request))
#32 C:\\Users\\wayne\\Desktop\\GitHub\\bh_reservation_locator\\vendor\\laravel\\framework\\src\\Illuminate\\Pipeline\\Pipeline.php(167): Illuminate\\View\\Middleware\\ShareErrorsFromSession->handle(Object(Illuminate\\Http\\Request), Object(Closure))
#33 C:\\Users\\wayne\\Desktop\\GitHub\\bh_reservation_locator\\vendor\\laravel\\framework\\src\\Illuminate\\Session\\Middleware\\StartSession.php(121): Illuminate\\Pipeline\\Pipeline->Illuminate\\Pipeline\\{closure}(Object(Illuminate\\Http\\Request))
#34 C:\\Users\\wayne\\Desktop\\GitHub\\bh_reservation_locator\\vendor\\laravel\\framework\\src\\Illuminate\\Session\\Middleware\\StartSession.php(64): Illuminate\\Session\\Middleware\\StartSession->handleStatefulRequest(Object(Illuminate\\Http\\Request), Object(Illuminate\\Session\\Store), Object(Closure))
#35 C:\\Users\\wayne\\Desktop\\GitHub\\bh_reservation_locator\\vendor\\laravel\\framework\\src\\Illuminate\\Pipeline\\Pipeline.php(167): Illuminate\\Session\\Middleware\\StartSession->handle(Object(Illuminate\\Http\\Request), Object(Closure))
#36 C:\\Users\\wayne\\Desktop\\GitHub\\bh_reservation_locator\\vendor\\laravel\\framework\\src\\Illuminate\\Cookie\\Middleware\\AddQueuedCookiesToResponse.php(37): Illuminate\\Pipeline\\Pipeline->Illuminate\\Pipeline\\{closure}(Object(Illuminate\\Http\\Request))
#37 C:\\Users\\wayne\\Desktop\\GitHub\\bh_reservation_locator\\vendor\\laravel\\framework\\src\\Illuminate\\Pipeline\\Pipeline.php(167): Illuminate\\Cookie\\Middleware\\AddQueuedCookiesToResponse->handle(Object(Illuminate\\Http\\Request), Object(Closure))
#38 C:\\Users\\wayne\\Desktop\\GitHub\\bh_reservation_locator\\vendor\\laravel\\framework\\src\\Illuminate\\Cookie\\Middleware\\EncryptCookies.php(67): Illuminate\\Pipeline\\Pipeline->Illuminate\\Pipeline\\{closure}(Object(Illuminate\\Http\\Request))
#39 C:\\Users\\wayne\\Desktop\\GitHub\\bh_reservation_locator\\vendor\\laravel\\framework\\src\\Illuminate\\Pipeline\\Pipeline.php(167): Illuminate\\Cookie\\Middleware\\EncryptCookies->handle(Object(Illuminate\\Http\\Request), Object(Closure))
#40 C:\\Users\\wayne\\Desktop\\GitHub\\bh_reservation_locator\\vendor\\laravel\\framework\\src\\Illuminate\\Pipeline\\Pipeline.php(103): Illuminate\\Pipeline\\Pipeline->Illuminate\\Pipeline\\{closure}(Object(Illuminate\\Http\\Request))
#41 C:\\Users\\wayne\\Desktop\\GitHub\\bh_reservation_locator\\vendor\\laravel\\framework\\src\\Illuminate\\Routing\\Router.php(697): Illuminate\\Pipeline\\Pipeline->then(Object(Closure))
#42 C:\\Users\\wayne\\Desktop\\GitHub\\bh_reservation_locator\\vendor\\laravel\\framework\\src\\Illuminate\\Routing\\Router.php(672): Illuminate\\Routing\\Router->runRouteWithinStack(Object(Illuminate\\Routing\\Route), Object(Illuminate\\Http\\Request))
#43 C:\\Users\\wayne\\Desktop\\GitHub\\bh_reservation_locator\\vendor\\laravel\\framework\\src\\Illuminate\\Routing\\Router.php(636): Illuminate\\Routing\\Router->runRoute(Object(Illuminate\\Http\\Request), Object(Illuminate\\Routing\\Route))
#44 C:\\Users\\wayne\\Desktop\\GitHub\\bh_reservation_locator\\vendor\\laravel\\framework\\src\\Illuminate\\Routing\\Router.php(625): Illuminate\\Routing\\Router->dispatchToRoute(Object(Illuminate\\Http\\Request))
#45 C:\\Users\\wayne\\Desktop\\GitHub\\bh_reservation_locator\\vendor\\laravel\\framework\\src\\Illuminate\\Foundation\\Http\\Kernel.php(167): Illuminate\\Routing\\Router->dispatch(Object(Illuminate\\Http\\Request))
#46 C:\\Users\\wayne\\Desktop\\GitHub\\bh_reservation_locator\\vendor\\laravel\\framework\\src\\Illuminate\\Pipeline\\Pipeline.php(128): Illuminate\\Foundation\\Http\\Kernel->Illuminate\\Foundation\\Http\\{closure}(Object(Illuminate\\Http\\Request))
#47 C:\\Users\\wayne\\Desktop\\GitHub\\bh_reservation_locator\\vendor\\laravel\\framework\\src\\Illuminate\\Foundation\\Http\\Middleware\\TransformsRequest.php(21): Illuminate\\Pipeline\\Pipeline->Illuminate\\Pipeline\\{closure}(Object(Illuminate\\Http\\Request))
#48 C:\\Users\\wayne\\Desktop\\GitHub\\bh_reservation_locator\\vendor\\laravel\\framework\\src\\Illuminate\\Foundation\\Http\\Middleware\\ConvertEmptyStringsToNull.php(31): Illuminate\\Foundation\\Http\\Middleware\\TransformsRequest->handle(Object(Illuminate\\Http\\Request), Object(Closure))
#49 C:\\Users\\wayne\\Desktop\\GitHub\\bh_reservation_locator\\vendor\\laravel\\framework\\src\\Illuminate\\Pipeline\\Pipeline.php(167): Illuminate\\Foundation\\Http\\Middleware\\ConvertEmptyStringsToNull->handle(Object(Illuminate\\Http\\Request), Object(Closure))
#50 C:\\Users\\wayne\\Desktop\\GitHub\\bh_reservation_locator\\vendor\\laravel\\framework\\src\\Illuminate\\Foundation\\Http\\Middleware\\TransformsRequest.php(21): Illuminate\\Pipeline\\Pipeline->Illuminate\\Pipeline\\{closure}(Object(Illuminate\\Http\\Request))
#51 C:\\Users\\wayne\\Desktop\\GitHub\\bh_reservation_locator\\vendor\\laravel\\framework\\src\\Illuminate\\Foundation\\Http\\Middleware\\TrimStrings.php(40): Illuminate\\Foundation\\Http\\Middleware\\TransformsRequest->handle(Object(Illuminate\\Http\\Request), Object(Closure))
#52 C:\\Users\\wayne\\Desktop\\GitHub\\bh_reservation_locator\\vendor\\laravel\\framework\\src\\Illuminate\\Pipeline\\Pipeline.php(167): Illuminate\\Foundation\\Http\\Middleware\\TrimStrings->handle(Object(Illuminate\\Http\\Request), Object(Closure))
#53 C:\\Users\\wayne\\Desktop\\GitHub\\bh_reservation_locator\\vendor\\laravel\\framework\\src\\Illuminate\\Foundation\\Http\\Middleware\\ValidatePostSize.php(27): Illuminate\\Pipeline\\Pipeline->Illuminate\\Pipeline\\{closure}(Object(Illuminate\\Http\\Request))
#54 C:\\Users\\wayne\\Desktop\\GitHub\\bh_reservation_locator\\vendor\\laravel\\framework\\src\\Illuminate\\Pipeline\\Pipeline.php(167): Illuminate\\Foundation\\Http\\Middleware\\ValidatePostSize->handle(Object(Illuminate\\Http\\Request), Object(Closure))
#55 C:\\Users\\wayne\\Desktop\\GitHub\\bh_reservation_locator\\vendor\\laravel\\framework\\src\\Illuminate\\Foundation\\Http\\Middleware\\PreventRequestsDuringMaintenance.php(86): Illuminate\\Pipeline\\Pipeline->Illuminate\\Pipeline\\{closure}(Object(Illuminate\\Http\\Request))
#56 C:\\Users\\wayne\\Desktop\\GitHub\\bh_reservation_locator\\vendor\\laravel\\framework\\src\\Illuminate\\Pipeline\\Pipeline.php(167): Illuminate\\Foundation\\Http\\Middleware\\PreventRequestsDuringMaintenance->handle(Object(Illuminate\\Http\\Request), Object(Closure))
#57 C:\\Users\\wayne\\Desktop\\GitHub\\bh_reservation_locator\\vendor\\fruitcake\\laravel-cors\\src\\HandleCors.php(38): Illuminate\\Pipeline\\Pipeline->Illuminate\\Pipeline\\{closure}(Object(Illuminate\\Http\\Request))
#58 C:\\Users\\wayne\\Desktop\\GitHub\\bh_reservation_locator\\vendor\\laravel\\framework\\src\\Illuminate\\Pipeline\\Pipeline.php(167): Fruitcake\\Cors\\HandleCors->handle(Object(Illuminate\\Http\\Request), Object(Closure))
#59 C:\\Users\\wayne\\Desktop\\GitHub\\bh_reservation_locator\\vendor\\laravel\\framework\\src\\Illuminate\\Http\\Middleware\\TrustProxies.php(39): Illuminate\\Pipeline\\Pipeline->Illuminate\\Pipeline\\{closure}(Object(Illuminate\\Http\\Request))
#60 C:\\Users\\wayne\\Desktop\\GitHub\\bh_reservation_locator\\vendor\\laravel\\framework\\src\\Illuminate\\Pipeline\\Pipeline.php(167): Illuminate\\Http\\Middleware\\TrustProxies->handle(Object(Illuminate\\Http\\Request), Object(Closure))
#61 C:\\Users\\wayne\\Desktop\\GitHub\\bh_reservation_locator\\vendor\\laravel\\framework\\src\\Illuminate\\Pipeline\\Pipeline.php(103): Illuminate\\Pipeline\\Pipeline->Illuminate\\Pipeline\\{closure}(Object(Illuminate\\Http\\Request))
#62 C:\\Users\\wayne\\Desktop\\GitHub\\bh_reservation_locator\\vendor\\laravel\\framework\\src\\Illuminate\\Foundation\\Http\\Kernel.php(142): Illuminate\\Pipeline\\Pipeline->then(Object(Closure))
#63 C:\\Users\\wayne\\Desktop\\GitHub\\bh_reservation_locator\\vendor\\laravel\\framework\\src\\Illuminate\\Foundation\\Http\\Kernel.php(111): Illuminate\\Foundation\\Http\\Kernel->sendRequestThroughRouter(Object(Illuminate\\Http\\Request))
#64 C:\\Users\\wayne\\Desktop\\GitHub\\bh_reservation_locator\\public\\index.php(52): Illuminate\\Foundation\\Http\\Kernel->handle(Object(Illuminate\\Http\\Request))
#65 C:\\Users\\wayne\\Desktop\\GitHub\\bh_reservation_locator\\server.php(21): require_once('C:\\\\Users\\\\wayne\\\\...')
#66 {main}

[previous exception] [object] (PDOException(code: HY000): SQLSTATE[HY000]: General error: 1364 Field 'qr_ref' doesn't have a default value at C:\\Users\\wayne\\Desktop\\GitHub\\bh_reservation_locator\\vendor\\laravel\\framework\\src\\Illuminate\\Database\\Connection.php:492)
[stacktrace]
#0 C:\\Users\\wayne\\Desktop\\GitHub\\bh_reservation_locator\\vendor\\laravel\\framework\\src\\Illuminate\\Database\\Connection.php(492): PDOStatement->execute()
#1 C:\\Users\\wayne\\Desktop\\GitHub\\bh_reservation_locator\\vendor\\laravel\\framework\\src\\Illuminate\\Database\\Connection.php(696): Illuminate\\Database\\Connection->Illuminate\\Database\\{closure}('insert into `us...', Array)
#2 C:\\Users\\wayne\\Desktop\\GitHub\\bh_reservation_locator\\vendor\\laravel\\framework\\src\\Illuminate\\Database\\Connection.php(663): Illuminate\\Database\\Connection->runQueryCallback('insert into `us...', Array, Object(Closure))
#3 C:\\Users\\wayne\\Desktop\\GitHub\\bh_reservation_locator\\vendor\\laravel\\framework\\src\\Illuminate\\Database\\Connection.php(493): Illuminate\\Database\\Connection->run('insert into `us...', Array, Object(Closure))
#4 C:\\Users\\wayne\\Desktop\\GitHub\\bh_reservation_locator\\vendor\\laravel\\framework\\src\\Illuminate\\Database\\Connection.php(445): Illuminate\\Database\\Connection->statement('insert into `us...', Array)
#5 C:\\Users\\wayne\\Desktop\\GitHub\\bh_reservation_locator\\vendor\\laravel\\framework\\src\\Illuminate\\Database\\Query\\Processors\\Processor.php(32): Illuminate\\Database\\Connection->insert('insert into `us...', Array)
#6 C:\\Users\\wayne\\Desktop\\GitHub\\bh_reservation_locator\\vendor\\laravel\\framework\\src\\Illuminate\\Database\\Query\\Builder.php(2966): Illuminate\\Database\\Query\\Processors\\Processor->processInsertGetId(Object(Illuminate\\Database\\Query\\Builder), 'insert into `us...', Array, 'user_id')
#7 C:\\Users\\wayne\\Desktop\\GitHub\\bh_reservation_locator\\vendor\\laravel\\framework\\src\\Illuminate\\Database\\Eloquent\\Builder.php(1641): Illuminate\\Database\\Query\\Builder->insertGetId(Array, 'user_id')
#8 C:\\Users\\wayne\\Desktop\\GitHub\\bh_reservation_locator\\vendor\\laravel\\framework\\src\\Illuminate\\Database\\Eloquent\\Model.php(1188): Illuminate\\Database\\Eloquent\\Builder->__call('insertGetId', Array)
#9 C:\\Users\\wayne\\Desktop\\GitHub\\bh_reservation_locator\\vendor\\laravel\\framework\\src\\Illuminate\\Database\\Eloquent\\Model.php(1153): Illuminate\\Database\\Eloquent\\Model->insertAndSetId(Object(Illuminate\\Database\\Eloquent\\Builder), Array)
#10 C:\\Users\\wayne\\Desktop\\GitHub\\bh_reservation_locator\\vendor\\laravel\\framework\\src\\Illuminate\\Database\\Eloquent\\Model.php(994): Illuminate\\Database\\Eloquent\\Model->performInsert(Object(Illuminate\\Database\\Eloquent\\Builder))
#11 C:\\Users\\wayne\\Desktop\\GitHub\\bh_reservation_locator\\vendor\\laravel\\framework\\src\\Illuminate\\Database\\Eloquent\\Builder.php(884): Illuminate\\Database\\Eloquent\\Model->save()
#12 C:\\Users\\wayne\\Desktop\\GitHub\\bh_reservation_locator\\vendor\\laravel\\framework\\src\\Illuminate\\Support\\helpers.php(263): Illuminate\\Database\\Eloquent\\Builder->Illuminate\\Database\\Eloquent\\{closure}(Object(App\\Models\\User))
#13 C:\\Users\\wayne\\Desktop\\GitHub\\bh_reservation_locator\\vendor\\laravel\\framework\\src\\Illuminate\\Database\\Eloquent\\Builder.php(885): tap(Object(App\\Models\\User), Object(Closure))
#14 C:\\Users\\wayne\\Desktop\\GitHub\\bh_reservation_locator\\vendor\\laravel\\framework\\src\\Illuminate\\Support\\Traits\\ForwardsCalls.php(23): Illuminate\\Database\\Eloquent\\Builder->create(Array)
#15 C:\\Users\\wayne\\Desktop\\GitHub\\bh_reservation_locator\\vendor\\laravel\\framework\\src\\Illuminate\\Database\\Eloquent\\Model.php(2117): Illuminate\\Database\\Eloquent\\Model->forwardCallTo(Object(Illuminate\\Database\\Eloquent\\Builder), 'create', Array)
#16 C:\\Users\\wayne\\Desktop\\GitHub\\bh_reservation_locator\\vendor\\laravel\\framework\\src\\Illuminate\\Database\\Eloquent\\Model.php(2129): Illuminate\\Database\\Eloquent\\Model->__call('create', Array)
#17 C:\\Users\\wayne\\Desktop\\GitHub\\bh_reservation_locator\\app\\Http\\Controllers\\Administrator\\UserController.php(118): Illuminate\\Database\\Eloquent\\Model::__callStatic('create', Array)
#18 C:\\Users\\wayne\\Desktop\\GitHub\\bh_reservation_locator\\app\\Http\\Controllers\\Administrator\\UserController.php(132): App\\Http\\Controllers\\Administrator\\UserController->saveLandOwner(Object(Illuminate\\Http\\Request))
#19 C:\\Users\\wayne\\Desktop\\GitHub\\bh_reservation_locator\\vendor\\laravel\\framework\\src\\Illuminate\\Routing\\Controller.php(54): App\\Http\\Controllers\\Administrator\\UserController->store(Object(Illuminate\\Http\\Request))
#20 C:\\Users\\wayne\\Desktop\\GitHub\\bh_reservation_locator\\vendor\\laravel\\framework\\src\\Illuminate\\Routing\\ControllerDispatcher.php(45): Illuminate\\Routing\\Controller->callAction('store', Array)
#21 C:\\Users\\wayne\\Desktop\\GitHub\\bh_reservation_locator\\vendor\\laravel\\framework\\src\\Illuminate\\Routing\\Route.php(262): Illuminate\\Routing\\ControllerDispatcher->dispatch(Object(Illuminate\\Routing\\Route), Object(App\\Http\\Controllers\\Administrator\\UserController), 'store')
#22 C:\\Users\\wayne\\Desktop\\GitHub\\bh_reservation_locator\\vendor\\laravel\\framework\\src\\Illuminate\\Routing\\Route.php(205): Illuminate\\Routing\\Route->runController()
#23 C:\\Users\\wayne\\Desktop\\GitHub\\bh_reservation_locator\\vendor\\laravel\\framework\\src\\Illuminate\\Routing\\Router.php(695): Illuminate\\Routing\\Route->run()
#24 C:\\Users\\wayne\\Desktop\\GitHub\\bh_reservation_locator\\vendor\\laravel\\framework\\src\\Illuminate\\Pipeline\\Pipeline.php(128): Illuminate\\Routing\\Router->Illuminate\\Routing\\{closure}(Object(Illuminate\\Http\\Request))
#25 C:\\Users\\wayne\\Desktop\\GitHub\\bh_reservation_locator\\app\\Http\\Middleware\\AdministratorRole.php(26): Illuminate\\Pipeline\\Pipeline->Illuminate\\Pipeline\\{closure}(Object(Illuminate\\Http\\Request))
#26 C:\\Users\\wayne\\Desktop\\GitHub\\bh_reservation_locator\\vendor\\laravel\\framework\\src\\Illuminate\\Pipeline\\Pipeline.php(167): App\\Http\\Middleware\\AdministratorRole->handle(Object(Illuminate\\Http\\Request), Object(Closure))
#27 C:\\Users\\wayne\\Desktop\\GitHub\\bh_reservation_locator\\vendor\\laravel\\framework\\src\\Illuminate\\Routing\\Middleware\\SubstituteBindings.php(50): Illuminate\\Pipeline\\Pipeline->Illuminate\\Pipeline\\{closure}(Object(Illuminate\\Http\\Request))
#28 C:\\Users\\wayne\\Desktop\\GitHub\\bh_reservation_locator\\vendor\\laravel\\framework\\src\\Illuminate\\Pipeline\\Pipeline.php(167): Illuminate\\Routing\\Middleware\\SubstituteBindings->handle(Object(Illuminate\\Http\\Request), Object(Closure))
#29 C:\\Users\\wayne\\Desktop\\GitHub\\bh_reservation_locator\\vendor\\laravel\\framework\\src\\Illuminate\\Auth\\Middleware\\Authenticate.php(44): Illuminate\\Pipeline\\Pipeline->Illuminate\\Pipeline\\{closure}(Object(Illuminate\\Http\\Request))
#30 C:\\Users\\wayne\\Desktop\\GitHub\\bh_reservation_locator\\vendor\\laravel\\framework\\src\\Illuminate\\Pipeline\\Pipeline.php(167): Illuminate\\Auth\\Middleware\\Authenticate->handle(Object(Illuminate\\Http\\Request), Object(Closure))
#31 C:\\Users\\wayne\\Desktop\\GitHub\\bh_reservation_locator\\vendor\\laravel\\framework\\src\\Illuminate\\Foundation\\Http\\Middleware\\VerifyCsrfToken.php(78): Illuminate\\Pipeline\\Pipeline->Illuminate\\Pipeline\\{closure}(Object(Illuminate\\Http\\Request))
#32 C:\\Users\\wayne\\Desktop\\GitHub\\bh_reservation_locator\\vendor\\laravel\\framework\\src\\Illuminate\\Pipeline\\Pipeline.php(167): Illuminate\\Foundation\\Http\\Middleware\\VerifyCsrfToken->handle(Object(Illuminate\\Http\\Request), Object(Closure))
#33 C:\\Users\\wayne\\Desktop\\GitHub\\bh_reservation_locator\\vendor\\laravel\\framework\\src\\Illuminate\\View\\Middleware\\ShareErrorsFromSession.php(49): Illuminate\\Pipeline\\Pipeline->Illuminate\\Pipeline\\{closure}(Object(Illuminate\\Http\\Request))
#34 C:\\Users\\wayne\\Desktop\\GitHub\\bh_reservation_locator\\vendor\\laravel\\framework\\src\\Illuminate\\Pipeline\\Pipeline.php(167): Illuminate\\View\\Middleware\\ShareErrorsFromSession->handle(Object(Illuminate\\Http\\Request), Object(Closure))
#35 C:\\Users\\wayne\\Desktop\\GitHub\\bh_reservation_locator\\vendor\\laravel\\framework\\src\\Illuminate\\Session\\Middleware\\StartSession.php(121): Illuminate\\Pipeline\\Pipeline->Illuminate\\Pipeline\\{closure}(Object(Illuminate\\Http\\Request))
#36 C:\\Users\\wayne\\Desktop\\GitHub\\bh_reservation_locator\\vendor\\laravel\\framework\\src\\Illuminate\\Session\\Middleware\\StartSession.php(64): Illuminate\\Session\\Middleware\\StartSession->handleStatefulRequest(Object(Illuminate\\Http\\Request), Object(Illuminate\\Session\\Store), Object(Closure))
#37 C:\\Users\\wayne\\Desktop\\GitHub\\bh_reservation_locator\\vendor\\laravel\\framework\\src\\Illuminate\\Pipeline\\Pipeline.php(167): Illuminate\\Session\\Middleware\\StartSession->handle(Object(Illuminate\\Http\\Request), Object(Closure))
#38 C:\\Users\\wayne\\Desktop\\GitHub\\bh_reservation_locator\\vendor\\laravel\\framework\\src\\Illuminate\\Cookie\\Middleware\\AddQueuedCookiesToResponse.php(37): Illuminate\\Pipeline\\Pipeline->Illuminate\\Pipeline\\{closure}(Object(Illuminate\\Http\\Request))
#39 C:\\Users\\wayne\\Desktop\\GitHub\\bh_reservation_locator\\vendor\\laravel\\framework\\src\\Illuminate\\Pipeline\\Pipeline.php(167): Illuminate\\Cookie\\Middleware\\AddQueuedCookiesToResponse->handle(Object(Illuminate\\Http\\Request), Object(Closure))
#40 C:\\Users\\wayne\\Desktop\\GitHub\\bh_reservation_locator\\vendor\\laravel\\framework\\src\\Illuminate\\Cookie\\Middleware\\EncryptCookies.php(67): Illuminate\\Pipeline\\Pipeline->Illuminate\\Pipeline\\{closure}(Object(Illuminate\\Http\\Request))
#41 C:\\Users\\wayne\\Desktop\\GitHub\\bh_reservation_locator\\vendor\\laravel\\framework\\src\\Illuminate\\Pipeline\\Pipeline.php(167): Illuminate\\Cookie\\Middleware\\EncryptCookies->handle(Object(Illuminate\\Http\\Request), Object(Closure))
#42 C:\\Users\\wayne\\Desktop\\GitHub\\bh_reservation_locator\\vendor\\laravel\\framework\\src\\Illuminate\\Pipeline\\Pipeline.php(103): Illuminate\\Pipeline\\Pipeline->Illuminate\\Pipeline\\{closure}(Object(Illuminate\\Http\\Request))
#43 C:\\Users\\wayne\\Desktop\\GitHub\\bh_reservation_locator\\vendor\\laravel\\framework\\src\\Illuminate\\Routing\\Router.php(697): Illuminate\\Pipeline\\Pipeline->then(Object(Closure))
#44 C:\\Users\\wayne\\Desktop\\GitHub\\bh_reservation_locator\\vendor\\laravel\\framework\\src\\Illuminate\\Routing\\Router.php(672): Illuminate\\Routing\\Router->runRouteWithinStack(Object(Illuminate\\Routing\\Route), Object(Illuminate\\Http\\Request))
#45 C:\\Users\\wayne\\Desktop\\GitHub\\bh_reservation_locator\\vendor\\laravel\\framework\\src\\Illuminate\\Routing\\Router.php(636): Illuminate\\Routing\\Router->runRoute(Object(Illuminate\\Http\\Request), Object(Illuminate\\Routing\\Route))
#46 C:\\Users\\wayne\\Desktop\\GitHub\\bh_reservation_locator\\vendor\\laravel\\framework\\src\\Illuminate\\Routing\\Router.php(625): Illuminate\\Routing\\Router->dispatchToRoute(Object(Illuminate\\Http\\Request))
#47 C:\\Users\\wayne\\Desktop\\GitHub\\bh_reservation_locator\\vendor\\laravel\\framework\\src\\Illuminate\\Foundation\\Http\\Kernel.php(167): Illuminate\\Routing\\Router->dispatch(Object(Illuminate\\Http\\Request))
#48 C:\\Users\\wayne\\Desktop\\GitHub\\bh_reservation_locator\\vendor\\laravel\\framework\\src\\Illuminate\\Pipeline\\Pipeline.php(128): Illuminate\\Foundation\\Http\\Kernel->Illuminate\\Foundation\\Http\\{closure}(Object(Illuminate\\Http\\Request))
#49 C:\\Users\\wayne\\Desktop\\GitHub\\bh_reservation_locator\\vendor\\laravel\\framework\\src\\Illuminate\\Foundation\\Http\\Middleware\\TransformsRequest.php(21): Illuminate\\Pipeline\\Pipeline->Illuminate\\Pipeline\\{closure}(Object(Illuminate\\Http\\Request))
#50 C:\\Users\\wayne\\Desktop\\GitHub\\bh_reservation_locator\\vendor\\laravel\\framework\\src\\Illuminate\\Foundation\\Http\\Middleware\\ConvertEmptyStringsToNull.php(31): Illuminate\\Foundation\\Http\\Middleware\\TransformsRequest->handle(Object(Illuminate\\Http\\Request), Object(Closure))
#51 C:\\Users\\wayne\\Desktop\\GitHub\\bh_reservation_locator\\vendor\\laravel\\framework\\src\\Illuminate\\Pipeline\\Pipeline.php(167): Illuminate\\Foundation\\Http\\Middleware\\ConvertEmptyStringsToNull->handle(Object(Illuminate\\Http\\Request), Object(Closure))
#52 C:\\Users\\wayne\\Desktop\\GitHub\\bh_reservation_locator\\vendor\\laravel\\framework\\src\\Illuminate\\Foundation\\Http\\Middleware\\TransformsRequest.php(21): Illuminate\\Pipeline\\Pipeline->Illuminate\\Pipeline\\{closure}(Object(Illuminate\\Http\\Request))
#53 C:\\Users\\wayne\\Desktop\\GitHub\\bh_reservation_locator\\vendor\\laravel\\framework\\src\\Illuminate\\Foundation\\Http\\Middleware\\TrimStrings.php(40): Illuminate\\Foundation\\Http\\Middleware\\TransformsRequest->handle(Object(Illuminate\\Http\\Request), Object(Closure))
#54 C:\\Users\\wayne\\Desktop\\GitHub\\bh_reservation_locator\\vendor\\laravel\\framework\\src\\Illuminate\\Pipeline\\Pipeline.php(167): Illuminate\\Foundation\\Http\\Middleware\\TrimStrings->handle(Object(Illuminate\\Http\\Request), Object(Closure))
#55 C:\\Users\\wayne\\Desktop\\GitHub\\bh_reservation_locator\\vendor\\laravel\\framework\\src\\Illuminate\\Foundation\\Http\\Middleware\\ValidatePostSize.php(27): Illuminate\\Pipeline\\Pipeline->Illuminate\\Pipeline\\{closure}(Object(Illuminate\\Http\\Request))
#56 C:\\Users\\wayne\\Desktop\\GitHub\\bh_reservation_locator\\vendor\\laravel\\framework\\src\\Illuminate\\Pipeline\\Pipeline.php(167): Illuminate\\Foundation\\Http\\Middleware\\ValidatePostSize->handle(Object(Illuminate\\Http\\Request), Object(Closure))
#57 C:\\Users\\wayne\\Desktop\\GitHub\\bh_reservation_locator\\vendor\\laravel\\framework\\src\\Illuminate\\Foundation\\Http\\Middleware\\PreventRequestsDuringMaintenance.php(86): Illuminate\\Pipeline\\Pipeline->Illuminate\\Pipeline\\{closure}(Object(Illuminate\\Http\\Request))
#58 C:\\Users\\wayne\\Desktop\\GitHub\\bh_reservation_locator\\vendor\\laravel\\framework\\src\\Illuminate\\Pipeline\\Pipeline.php(167): Illuminate\\Foundation\\Http\\Middleware\\PreventRequestsDuringMaintenance->handle(Object(Illuminate\\Http\\Request), Object(Closure))
#59 C:\\Users\\wayne\\Desktop\\GitHub\\bh_reservation_locator\\vendor\\fruitcake\\laravel-cors\\src\\HandleCors.php(38): Illuminate\\Pipeline\\Pipeline->Illuminate\\Pipeline\\{closure}(Object(Illuminate\\Http\\Request))
#60 C:\\Users\\wayne\\Desktop\\GitHub\\bh_reservation_locator\\vendor\\laravel\\framework\\src\\Illuminate\\Pipeline\\Pipeline.php(167): Fruitcake\\Cors\\HandleCors->handle(Object(Illuminate\\Http\\Request), Object(Closure))
#61 C:\\Users\\wayne\\Desktop\\GitHub\\bh_reservation_locator\\vendor\\laravel\\framework\\src\\Illuminate\\Http\\Middleware\\TrustProxies.php(39): Illuminate\\Pipeline\\Pipeline->Illuminate\\Pipeline\\{closure}(Object(Illuminate\\Http\\Request))
#62 C:\\Users\\wayne\\Desktop\\GitHub\\bh_reservation_locator\\vendor\\laravel\\framework\\src\\Illuminate\\Pipeline\\Pipeline.php(167): Illuminate\\Http\\Middleware\\TrustProxies->handle(Object(Illuminate\\Http\\Request), Object(Closure))
#63 C:\\Users\\wayne\\Desktop\\GitHub\\bh_reservation_locator\\vendor\\laravel\\framework\\src\\Illuminate\\Pipeline\\Pipeline.php(103): Illuminate\\Pipeline\\Pipeline->Illuminate\\Pipeline\\{closure}(Object(Illuminate\\Http\\Request))
#64 C:\\Users\\wayne\\Desktop\\GitHub\\bh_reservation_locator\\vendor\\laravel\\framework\\src\\Illuminate\\Foundation\\Http\\Kernel.php(142): Illuminate\\Pipeline\\Pipeline->then(Object(Closure))
#65 C:\\Users\\wayne\\Desktop\\GitHub\\bh_reservation_locator\\vendor\\laravel\\framework\\src\\Illuminate\\Foundation\\Http\\Kernel.php(111): Illuminate\\Foundation\\Http\\Kernel->sendRequestThroughRouter(Object(Illuminate\\Http\\Request))
#66 C:\\Users\\wayne\\Desktop\\GitHub\\bh_reservation_locator\\public\\index.php(52): Illuminate\\Foundation\\Http\\Kernel->handle(Object(Illuminate\\Http\\Request))
#67 C:\\Users\\wayne\\Desktop\\GitHub\\bh_reservation_locator\\server.php(21): require_once('C:\\\\Users\\\\wayne\\\\...')
#68 {main}
"} 
